<?xml version="1.0" encoding="UTF-8"?>
<!-- Generated by org.testng.reporters.JUnitReportReporter -->
<testsuite hostname="DESKTOP-0BETMHI" failures="0" tests="1" name="hard_soft_assertion.Soft_Assert" time="0.024" errors="0" timestamp="2022-09-06T13:30:14 IST" skipped="0">
  <testcase classname="hard_soft_assertion.Soft_Assert" name="verifyPageTiltle" time="0.024"/>
  <system-out/>
</testsuite> <!-- hard_soft_assertion.Soft_Assert -->
