<?xml version="1.0" encoding="UTF-8"?>
<!-- Generated by org.testng.reporters.JUnitReportReporter -->
<testsuite hostname="DESKTOP-0BETMHI" failures="0" tests="4" name="parallel_test_execution.Parallel_test_execution_Methods" time="0.061" errors="0" timestamp="2022-09-05T20:45:48 IST" skipped="0">
  <testcase classname="parallel_test_execution.Parallel_test_execution_Methods" name="testcase1" time="0.021"/>
  <system-out/>
  <testcase classname="parallel_test_execution.Parallel_test_execution_Methods" name="testcase3" time="0.014"/>
  <system-out/>
  <testcase classname="parallel_test_execution.Parallel_test_execution_Methods" name="testcase2" time="0.021"/>
  <system-out/>
  <testcase classname="parallel_test_execution.Parallel_test_execution_Methods" name="testcase4" time="0.005"/>
  <system-out/>
</testsuite> <!-- parallel_test_execution.Parallel_test_execution_Methods -->
