<?xml version="1.0" encoding="UTF-8"?>
<!-- Generated by org.testng.reporters.JUnitReportReporter -->
<testsuite hostname="DESKTOP-0BETMHI" failures="0" tests="7" name="dssNotesAllTestNGProgram.Grouping_Test_Cases" time="0.049" errors="0" timestamp="2022-09-05T19:55:24 IST" skipped="0">
  <testcase classname="dssNotesAllTestNGProgram.Grouping_Test_Cases" name="login" time="0.018"/>
  <system-out/>
  <testcase classname="dssNotesAllTestNGProgram.Grouping_Test_Cases" name="addVendor" time="0.005"/>
  <system-out/>
  <testcase classname="dssNotesAllTestNGProgram.Grouping_Test_Cases" name="advanedSerach" time="0.007"/>
  <system-out/>
  <testcase classname="dssNotesAllTestNGProgram.Grouping_Test_Cases" name="search" time="0.006"/>
  <system-out/>
  <testcase classname="dssNotesAllTestNGProgram.Grouping_Test_Cases" name="prepaidRecharge" time="0.006"/>
  <system-out/>
  <testcase classname="dssNotesAllTestNGProgram.Grouping_Test_Cases" name="billPayments" time="0.003"/>
  <system-out/>
  <testcase classname="dssNotesAllTestNGProgram.Grouping_Test_Cases" name="logout" time="0.004"/>
  <system-out/>
</testsuite> <!-- dssNotesAllTestNGProgram.Grouping_Test_Cases -->
