<?xml version="1.0" encoding="UTF-8"?>
<!-- Generated by org.testng.reporters.JUnitReportReporter -->
<testsuite hostname="DESKTOP-0BETMHI" failures="0" tests="3" name="beforesuite_AfterSuite.BeforeSuite_AfterSuite" time="0.032" errors="0" timestamp="2022-09-05T19:36:36 IST" skipped="0">
  <testcase classname="beforesuite_AfterSuite.BeforeSuite_AfterSuite" name="verify_1" time="0.018"/>
  <system-out/>
  <testcase classname="beforesuite_AfterSuite.BeforeSuite_AfterSuite" name="verify_2" time="0.005"/>
  <system-out/>
  <testcase classname="beforesuite_AfterSuite.BeforeSuite_AfterSuite" name="verify_3" time="0.009"/>
  <system-out/>
</testsuite> <!-- beforesuite_AfterSuite.BeforeSuite_AfterSuite -->
