<?xml version="1.0" encoding="UTF-8"?>
<!-- Generated by org.testng.reporters.JUnitReportReporter -->
<testsuite hostname="DESKTOP-0BETMHI" failures="0" tests="3" name="dssNotesAllTestNGProgram.Test2" time="0.017" errors="0" timestamp="2022-09-05T17:47:31 IST" skipped="0">
  <testcase classname="dssNotesAllTestNGProgram.Test2" name="verifyButton" time="0.011"/>
  <system-out/>
  <testcase classname="dssNotesAllTestNGProgram.Test2" name="verifyTitle" time="0.003"/>
  <system-out/>
  <testcase classname="dssNotesAllTestNGProgram.Test2" name="verifyDropdown" time="0.003"/>
  <system-out/>
</testsuite> <!-- dssNotesAllTestNGProgram.Test2 -->
