<?xml version="1.0" encoding="UTF-8"?>
<!-- Generated by org.testng.reporters.JUnitReportReporter -->
<testsuite hostname="DESKTOP-0BETMHI" failures="0" tests="4" name="priority.Priority_Execute" time="0.165" errors="0" timestamp="2022-09-05T15:45:34 IST" skipped="0">
  <testcase classname="priority.Priority_Execute" name="a" time="0.118"/>
  <system-out/>
  <testcase classname="priority.Priority_Execute" name="b" time="0.024"/>
  <system-out/>
  <testcase classname="priority.Priority_Execute" name="d" time="0.012"/>
  <system-out/>
  <testcase classname="priority.Priority_Execute" name="c" time="0.011"/>
  <system-out/>
</testsuite> <!-- priority.Priority_Execute -->
