<?xml version="1.0" encoding="UTF-8"?>
<!-- Generated by org.testng.reporters.JUnitReportReporter -->
<testsuite hostname="DESKTOP-0BETMHI" failures="0" tests="5" name="invocationCount_in_TestNG.Invocation_Count" time="0.028" errors="0" timestamp="2022-09-06T11:49:58 IST" skipped="0">
  <testcase classname="invocationCount_in_TestNG.Invocation_Count" name="test1" time="0.003"/>
  <system-out/>
  <testcase classname="invocationCount_in_TestNG.Invocation_Count" name="test1" time="0.003"/>
  <system-out/>
  <testcase classname="invocationCount_in_TestNG.Invocation_Count" name="test1" time="0.018"/>
  <system-out/>
  <testcase classname="invocationCount_in_TestNG.Invocation_Count" name="test1" time="0.002"/>
  <system-out/>
  <testcase classname="invocationCount_in_TestNG.Invocation_Count" name="test1" time="0.002"/>
  <system-out/>
</testsuite> <!-- invocationCount_in_TestNG.Invocation_Count -->
