<?xml version="1.0" encoding="UTF-8"?>
<!-- Generated by org.testng.reporters.JUnitReportReporter -->
<testsuite hostname="DESKTOP-0BETMHI" failures="0" tests="3" name="dssNotesAllTestNGProgram.BeforeTest_AfterTest" time="0.014" errors="0" timestamp="2022-09-05T17:35:03 IST" skipped="0">
  <testcase classname="dssNotesAllTestNGProgram.BeforeTest_AfterTest" name="addVendor" time="0.010"/>
  <system-out/>
  <testcase classname="dssNotesAllTestNGProgram.BeforeTest_AfterTest" name="addProduct" time="0.002"/>
  <system-out/>
  <testcase classname="dssNotesAllTestNGProgram.BeforeTest_AfterTest" name="addCurrency" time="0.002"/>
  <system-out/>
</testsuite> <!-- dssNotesAllTestNGProgram.BeforeTest_AfterTest -->
