<?xml version="1.0" encoding="UTF-8"?>
<!-- Generated by org.testng.reporters.JUnitReportReporter -->
<testsuite hostname="DESKTOP-0BETMHI" failures="0" tests="4" name="parallel_test_execution.Parallel_test_execution_Class" time="0.028" errors="0" timestamp="2022-09-05T20:42:43 IST" skipped="0">
  <testcase classname="parallel_test_execution.Parallel_test_execution_Class" name="testcase1" time="0.015"/>
  <system-out/>
  <testcase classname="parallel_test_execution.Parallel_test_execution_Class" name="testcase3" time="0.003"/>
  <system-out/>
  <testcase classname="parallel_test_execution.Parallel_test_execution_Class" name="testcase2" time="0.003"/>
  <system-out/>
  <testcase classname="parallel_test_execution.Parallel_test_execution_Class" name="testcase4" time="0.007"/>
  <system-out/>
</testsuite> <!-- parallel_test_execution.Parallel_test_execution_Class -->
