<?xml version="1.0" encoding="UTF-8"?>
<!-- Generated by org.testng.reporters.JUnitReportReporter -->
<testsuite hostname="DESKTOP-0BETMHI" failures="0" tests="4" name="basic_Program.NewTest" time="0.071" errors="0" timestamp="2022-08-16T14:11:30 IST" skipped="0">
  <testcase classname="basic_Program.NewTest" name="D" time="0.005"/>
  <system-out/>
  <testcase classname="basic_Program.NewTest" name="A" time="0.025"/>
  <system-out/>
  <testcase classname="basic_Program.NewTest" name="C" time="0.030"/>
  <system-out/>
  <testcase classname="basic_Program.NewTest" name="B" time="0.011"/>
  <system-out/>
</testsuite> <!-- basic_Program.NewTest -->
