<?xml version="1.0" encoding="UTF-8"?>
<!-- Generated by org.testng.reporters.JUnitReportReporter -->
<testsuite hostname="DESKTOP-0BETMHI" failures="0" tests="3" name="dssNotesAllTestNGProgram.Test1" time="0.022" errors="0" timestamp="2022-09-05T17:41:03 IST" skipped="0">
  <testcase classname="dssNotesAllTestNGProgram.Test1" name="verifyTitile" time="0.002"/>
  <system-out/>
  <testcase classname="dssNotesAllTestNGProgram.Test1" name="verify" time="0.017"/>
  <system-out/>
  <testcase classname="dssNotesAllTestNGProgram.Test1" name="verifyTitil" time="0.003"/>
  <system-out/>
</testsuite> <!-- dssNotesAllTestNGProgram.Test1 -->
