<?xml version="1.0" encoding="UTF-8"?>
<!-- Generated by org.testng.reporters.JUnitReportReporter -->
<testsuite hostname="DESKTOP-0BETMHI" failures="0" tests="4" name="grouping_test_cases.Grouping_Testcases" time="0.031" errors="0" timestamp="2022-09-05T20:04:07 IST" skipped="0">
  <testcase classname="grouping_test_cases.Grouping_Testcases" name="login" time="0.017"/>
  <system-out/>
  <testcase classname="grouping_test_cases.Grouping_Testcases" name="search" time="0.002"/>
  <system-out/>
  <testcase classname="grouping_test_cases.Grouping_Testcases" name="prepaidRecharge" time="0.003"/>
  <system-out/>
  <testcase classname="grouping_test_cases.Grouping_Testcases" name="logout" time="0.009"/>
  <system-out/>
</testsuite> <!-- grouping_test_cases.Grouping_Testcases -->
