<?xml version="1.0" encoding="UTF-8"?>
<!-- Generated by org.testng.reporters.JUnitReportReporter -->
<testsuite hostname="DESKTOP-0BETMHI" failures="0" tests="3" name="invocationCount_in_TestNG.TimeOut_in_miliSecond" time="0.032" errors="0" timestamp="2022-09-06T11:56:40 IST" skipped="0">
  <testcase classname="invocationCount_in_TestNG.TimeOut_in_miliSecond" name="LandingPage" time="0.010"/>
  <system-out/>
  <testcase classname="invocationCount_in_TestNG.TimeOut_in_miliSecond" name="LoanContact" time="0.005"/>
  <system-out/>
  <testcase classname="invocationCount_in_TestNG.TimeOut_in_miliSecond" name="ContactVerify" time="0.017"/>
  <system-out/>
</testsuite> <!-- invocationCount_in_TestNG.TimeOut_in_miliSecond -->
