<?xml version="1.0" encoding="UTF-8"?>
<!-- Generated by org.testng.reporters.JUnitReportReporter -->
<testsuite hostname="DESKTOP-0BETMHI" failures="0" tests="4" name="parallel_test_execution.Parallel_Test_Execution_Method" time="0.084" errors="0" timestamp="2022-09-05T20:26:21 IST" skipped="0">
  <testcase classname="parallel_test_execution.Parallel_Test_Execution_Method" name="testcase2" time="0.021"/>
  <system-out/>
  <testcase classname="parallel_test_execution.Parallel_Test_Execution_Method" name="testcase4" time="0.021"/>
  <system-out/>
  <testcase classname="parallel_test_execution.Parallel_Test_Execution_Method" name="testcase1" time="0.021"/>
  <system-out/>
  <testcase classname="parallel_test_execution.Parallel_Test_Execution_Method" name="testcase3" time="0.021"/>
  <system-out/>
</testsuite> <!-- parallel_test_execution.Parallel_Test_Execution_Method -->
