<?xml version="1.0" encoding="UTF-8"?>
<!-- Generated by org.testng.reporters.JUnitReportReporter -->
<testsuite hostname="DESKTOP-0BETMHI" failures="0" tests="3" name="dssNotesAllTestNGProgram.Before_Method_After_Method" time="0.042" errors="0" timestamp="2022-09-05T17:25:30 IST" skipped="0">
  <testcase classname="dssNotesAllTestNGProgram.Before_Method_After_Method" name="addVendor" time="0.019"/>
  <system-out/>
  <testcase classname="dssNotesAllTestNGProgram.Before_Method_After_Method" name="addProduct" time="0.009"/>
  <system-out/>
  <testcase classname="dssNotesAllTestNGProgram.Before_Method_After_Method" name="addCurrency" time="0.014"/>
  <system-out/>
</testsuite> <!-- dssNotesAllTestNGProgram.Before_Method_After_Method -->
