<?xml version="1.0" encoding="UTF-8"?>
<!-- Generated by org.testng.reporters.JUnitReportReporter -->
<testsuite hostname="DESKTOP-0BETMHI" failures="0" tests="3" name="dssNotesAllTestNGProgram.BeforeClass_AfterClass" time="0.016" errors="0" timestamp="2022-09-05T17:32:09 IST" skipped="0">
  <testcase classname="dssNotesAllTestNGProgram.BeforeClass_AfterClass" name="addVendor" time="0.011"/>
  <system-out/>
  <testcase classname="dssNotesAllTestNGProgram.BeforeClass_AfterClass" name="addProduct" time="0.002"/>
  <system-out/>
  <testcase classname="dssNotesAllTestNGProgram.BeforeClass_AfterClass" name="addCurrency" time="0.003"/>
  <system-out/>
</testsuite> <!-- dssNotesAllTestNGProgram.BeforeClass_AfterClass -->
